2013-08-03 17:46:29 - [INFO] - -----------本次登录开始--------------
 2013-08-03 17:46:29 - [INFO] - 管理员 xuqin1019 登录成功
 2013-08-03 17:49:09 - [INFO] - -----------本次登录结束--------------




 2013-08-03 17:49:23 - [INFO] - -----------本次登录开始--------------
 2013-08-03 17:49:23 - [INFO] - 管理员 xuqin1019 登录成功
 2013-08-03 17:50:04 - [ERROR] - 修改班组信息失败！ : Unknown column 'ç”¨äºŽé›¶ä»¶ç”Ÿäº§' in 'field list'
 2013-08-03 17:50:25 - [INFO] - -----------本次登录结束--------------




 2013-08-03 17:52:12 - [INFO] - -----------本次登录开始--------------
 2013-08-03 17:52:12 - [INFO] - 管理员 xuqin1019 登录成功
 2013-08-03 17:52:31 - [INFO] - 修改班组信息成功！ : 
 2013-08-03 17:52:45 - [INFO] - 修改班组信息成功！ : 
 2013-08-03 17:52:54 - [INFO] - 修改班组信息成功！ : 
 2013-08-03 17:53:23 - [INFO] - 修改班组信息成功！ : 
 2013-08-03 17:54:42 - [INFO] - -----------本次登录结束--------------




 2013-08-03 17:54:51 - [INFO] - -----------本次登录结束--------------




 2013-08-03 17:55:17 - [INFO] - -----------本次登录开始--------------
 2013-08-03 17:55:17 - [INFO] - 管理员 xuqin1019 登录成功
 2013-08-03 17:55:45 - [INFO] - 修改员工信息成功！ : 
 2013-08-03 17:56:01 - [INFO] - 修改员工信息成功！ : 
 2013-08-03 17:56:18 - [INFO] - 修改员工信息成功！ : 
 2013-08-03 17:56:33 - [INFO] - 修改员工信息成功！ : 
 2013-08-03 17:57:00 - [INFO] - 修改员工信息成功！ : 
 2013-08-03 17:57:17 - [INFO] - 修改员工信息成功！ : 
 2013-08-03 17:58:15 - [INFO] - 修改班组信息成功！ : 
 2013-08-03 17:59:20 - [INFO] - 修改工序信息成功！ : 
 2013-08-03 17:59:44 - [INFO] - 修改工序信息成功！ : 
 2013-08-03 17:59:57 - [INFO] - 修改工序信息成功！ : 
 2013-08-03 18:00:10 - [INFO] - 修改工序信息成功！ : 
 2013-08-03 18:00:26 - [INFO] - 修改工序信息成功！ : 
 2013-08-03 18:02:03 - [INFO] - 修改零件信息成功！ : 
 2013-08-03 18:02:50 - [INFO] - 修改零件信息成功！ : 
 2013-08-03 18:04:17 - [INFO] - 录入记录成功 : 记录{零件=J40, 批次=111, 工序=修磨, 操作工=许钦, 合格数=300, 失败数=2, 日期=2013-08-01}
 2013-08-03 18:04:41 - [INFO] - 录入记录成功 : 记录{零件=J40, 批次=111, 工序=修磨, 操作工=小六 , 合格数=400, 失败数=2, 日期=2013-07-28}
 2013-08-03 18:05:03 - [INFO] - 录入记录成功 : 记录{零件=J40, 批次=111, 工序=焊接, 操作工=张三 , 合格数=300, 失败数=3, 日期=2013-08-01}
 2013-08-03 18:06:54 - [INFO] - 导出报表成功！ : (J40,111,)--->D:\12.xls
 2013-08-03 18:11:54 - [INFO] - 导出报表成功！ : 2013-07-01 到 2013-08-24 班组冲次统计表--->D:\result.xls
 2013-08-03 18:14:28 - [INFO] - 修改零件信息成功！ : 
 2013-08-03 18:15:19 - [INFO] - 修改员工信息成功！ : 
 2013-08-03 18:15:30 - [INFO] - 修改班组信息成功！ : 
 2013-08-03 18:15:40 - [INFO] - 修改工序信息成功！ : 
 2013-08-03 18:15:53 - [INFO] - -----------本次登录结束--------------




 2013-08-03 18:20:35 - [INFO] - -----------本次登录开始--------------
 2013-08-03 18:20:35 - [INFO] - 管理员 xuqin1019 登录成功
 2013-08-03 18:20:44 - [INFO] - 开始导入文件 : E:\桌面\produceEffeciencySystem\import.xls
 2013-08-03 18:20:44 - [INFO] - 导入记录成功 : 记录{零件=J40, 批次=2, 工序=焊接, 操作工=许钦, 合格数=100, 失败数=2, 日期=2013-01-02}
 2013-08-03 18:20:44 - [INFO] - 导入记录成功 : 记录{零件=J40, 批次=2, 工序=焊接, 操作工=许钦, 合格数=100, 失败数=3, 日期=2013-01-03}
 2013-08-03 18:20:44 - [INFO] - 导入记录成功 : 记录{零件=J40, 批次=2, 工序=焊接, 操作工=许钦, 合格数=100, 失败数=4, 日期=2013-01-04}
 2013-08-03 18:20:44 - [INFO] - 导入记录成功 : 记录{零件=J40, 批次=2, 工序=焊接, 操作工=许钦, 合格数=100, 失败数=5, 日期=2013-01-05}
 2013-08-03 18:20:44 - [INFO] - 导入记录成功 : 记录{零件=J40, 批次=2, 工序=焊接, 操作工=许钦, 合格数=100, 失败数=3, 日期=2013-01-06}
 2013-08-03 18:20:44 - [INFO] - 导入记录成功 : 记录{零件=J40, 批次=2, 工序=焊接, 操作工=张三, 合格数=100, 失败数=7, 日期=2013-01-07}
 2013-08-03 18:20:44 - [INFO] - 导入记录成功 : 记录{零件=J40, 批次=2, 工序=焊接, 操作工=张三, 合格数=100, 失败数=1, 日期=2013-01-08}
 2013-08-03 18:20:44 - [INFO] - 导入记录成功 : 记录{零件=J40, 批次=2, 工序=焊接, 操作工=张三, 合格数=100, 失败数=1, 日期=2013-01-09}
 2013-08-03 18:20:44 - [INFO] - 导入记录成功 : 记录{零件=J40, 批次=2, 工序=修磨, 操作工=张三, 合格数=100, 失败数=8, 日期=2013-01-10}
 2013-08-03 18:20:44 - [INFO] - 导入记录成功 : 记录{零件=J15, 批次=2, 工序=修磨, 操作工=张三, 合格数=100, 失败数=1, 日期=2013-01-11}
 2013-08-03 18:20:44 - [INFO] - 导入记录成功 : 记录{零件=J15, 批次=2, 工序=修磨, 操作工=王五, 合格数=100, 失败数=3, 日期=2013-01-12}
 2013-08-03 18:20:44 - [INFO] - 导入记录成功 : 记录{零件=J15, 批次=2, 工序=修磨, 操作工=王五, 合格数=100, 失败数=2, 日期=2013-01-13}
 2013-08-03 18:20:44 - [INFO] - 导入记录成功 : 记录{零件=J15, 批次=2, 工序=修磨, 操作工=李四, 合格数=100, 失败数=2, 日期=2013-01-14}
 2013-08-03 18:20:44 - [INFO] - 导入记录成功 : 记录{零件=J15, 批次=2, 工序=修磨, 操作工=李四, 合格数=100, 失败数=2, 日期=2013-01-15}
 2013-08-03 18:20:44 - [WARN] - 导入记录失败 : 记录{零件=J20, 批次=2, 工序=修磨, 操作工=李四, 合格数=100, 失败数=2, 日期=2013-01-16} 发生未知错误,数据可能已经存在或者数据库不可用
 2013-08-03 18:20:44 - [INFO] - 本次导入文件任务 : 完成条数(14/15)


 2013-08-03 18:21:10 - [INFO] - 删除记录成功 : 记录{零件=J40, 批次=2, 工序=修磨, 操作工=张三, 合格数=100, 失败数=8, 日期=2013-01-10}
 2013-08-03 18:25:51 - [INFO] - 导出报表成功！ : 2013-01-01 到 2013-02-01 班组冲次统计表--->D:\result.xls
 2013-08-03 18:26:10 - [INFO] - -----------本次登录结束--------------




 